<?xml version="1.0" encoding="UTF-8"?>
<coverage generated="1512507159336" clover="3.2.0">
  <project timestamp="1512507159336" name="All files">
    <metrics statements="14" coveredstatements="14" conditionals="5" coveredconditionals="5" methods="4" coveredmethods="4" elements="23" coveredelements="23" complexity="0" loc="14" ncloc="14" packages="1" files="3" classes="3">
      <file name="actionCreator.js" path="/Users/agoggin/www/vhosts/xstate-redux/src/actionCreator.js">
        <metrics statements="2" coveredstatements="2" conditionals="2" coveredconditionals="2" methods="1" coveredmethods="1"/>
        <line num="3" count="2" type="cond" truecount="2" falsecount="0"/>
        <line num="4" count="3" type="stmt"/>
      </file>
      <file name="constants.js" path="/Users/agoggin/www/vhosts/xstate-redux/src/constants.js">
        <metrics statements="1" coveredstatements="1" conditionals="0" coveredconditionals="0" methods="0" coveredmethods="0"/>
        <line num="1" count="2" type="stmt"/>
      </file>
      <file name="reducerEnhancer.js" path="/Users/agoggin/www/vhosts/xstate-redux/src/reducerEnhancer.js">
        <metrics statements="11" coveredstatements="11" conditionals="3" coveredconditionals="3" methods="3" coveredmethods="3"/>
        <line num="3" count="1" type="stmt"/>
        <line num="4" count="3" type="stmt"/>
        <line num="15" count="1" type="stmt"/>
        <line num="16" count="2" type="stmt"/>
        <line num="21" count="2" type="cond" truecount="1" falsecount="0"/>
        <line num="22" count="3" type="stmt"/>
        <line num="23" count="3" type="cond" truecount="2" falsecount="0"/>
        <line num="24" count="2" type="stmt"/>
        <line num="33" count="1" type="stmt"/>
        <line num="34" count="1" type="stmt"/>
        <line num="36" count="1" type="stmt"/>
      </file>
    </metrics>
  </project>
</coverage>
