{"/Users/agoggin/www/vhosts/xstate-redux/src/actionCreator.js": {"path":"/Users/agoggin/www/vhosts/xstate-redux/src/actionCreator.js","statementMap":{"0":{"start":{"line":3,"column":29},"end":{"line":9,"column":1}},"1":{"start":{"line":4,"column":1},"end":{"line":8,"column":3}}},"fnMap":{"0":{"name":"(anonymous_0)","decl":{"start":{"line":3,"column":29},"end":{"line":3,"column":30}},"loc":{"start":{"line":3,"column":65},"end":{"line":9,"column":1}},"line":3}},"branchMap":{"0":{"loc":{"start":{"line":3,"column":37},"end":{"line":3,"column":49}},"type":"default-arg","locations":[{"start":{"line":3,"column":47},"end":{"line":3,"column":49}}],"line":3},"1":{"loc":{"start":{"line":3,"column":51},"end":{"line":3,"column":60}},"type":"default-arg","locations":[{"start":{"line":3,"column":58},"end":{"line":3,"column":60}}],"line":3}},"s":{"0":2,"1":3},"f":{"0":3},"b":{"0":[2],"1":[2]},"_coverageSchema":"332fd63041d2c1bcb487cc26dd0d5f7d97098a6c","hash":"1c9a18de94ecfa663b8f0fb2d54d4e99a27251ca"}
,"/Users/agoggin/www/vhosts/xstate-redux/src/constants.js": {"path":"/Users/agoggin/www/vhosts/xstate-redux/src/constants.js","statementMap":{"0":{"start":{"line":1,"column":45},"end":{"line":1,"column":55}}},"fnMap":{},"branchMap":{},"s":{"0":2},"f":{},"b":{},"_coverageSchema":"332fd63041d2c1bcb487cc26dd0d5f7d97098a6c","hash":"b93e5c1e82ec9696d9812aaeb2e2b1329d06817f"}
,"/Users/agoggin/www/vhosts/xstate-redux/src/reducerEnhancer.js": {"path":"/Users/agoggin/www/vhosts/xstate-redux/src/reducerEnhancer.js","statementMap":{"0":{"start":{"line":3,"column":22},"end":{"line":13,"column":1}},"1":{"start":{"line":4,"column":1},"end":{"line":12,"column":3}},"2":{"start":{"line":15,"column":31},"end":{"line":44,"column":1}},"3":{"start":{"line":16,"column":22},"end":{"line":19,"column":2}},"4":{"start":{"line":21,"column":1},"end":{"line":43,"column":3}},"5":{"start":{"line":22,"column":29},"end":{"line":22,"column":34}},"6":{"start":{"line":23,"column":2},"end":{"line":31,"column":3}},"7":{"start":{"line":24,"column":3},"end":{"line":30,"column":5}},"8":{"start":{"line":33,"column":16},"end":{"line":33,"column":71}},"9":{"start":{"line":34,"column":20},"end":{"line":34,"column":60}},"10":{"start":{"line":36,"column":2},"end":{"line":42,"column":4}}},"fnMap":{"0":{"name":"(anonymous_0)","decl":{"start":{"line":3,"column":22},"end":{"line":3,"column":23}},"loc":{"start":{"line":3,"column":63},"end":{"line":13,"column":1}},"line":3},"1":{"name":"(anonymous_1)","decl":{"start":{"line":15,"column":31},"end":{"line":15,"column":32}},"loc":{"start":{"line":15,"column":53},"end":{"line":44,"column":1}},"line":15},"2":{"name":"(anonymous_2)","decl":{"start":{"line":21,"column":8},"end":{"line":21,"column":9}},"loc":{"start":{"line":21,"column":42},"end":{"line":43,"column":2}},"line":21}},"branchMap":{"0":{"loc":{"start":{"line":21,"column":9},"end":{"line":21,"column":29}},"type":"default-arg","locations":[{"start":{"line":21,"column":17},"end":{"line":21,"column":29}}],"line":21},"1":{"loc":{"start":{"line":23,"column":2},"end":{"line":31,"column":3}},"type":"if","locations":[{"start":{"line":23,"column":2},"end":{"line":31,"column":3}},{"start":{"line":23,"column":2},"end":{"line":31,"column":3}}],"line":23}},"s":{"0":1,"1":3,"2":1,"3":2,"4":2,"5":3,"6":3,"7":2,"8":1,"9":1,"10":1},"f":{"0":3,"1":2,"2":3},"b":{"0":[2],"1":[2,1]},"_coverageSchema":"332fd63041d2c1bcb487cc26dd0d5f7d97098a6c","hash":"49b3dae7661ada99c2080371839ab75554e44010"}
}
