TN:
SF:/Users/agoggin/www/vhosts/xstate-redux/src/actionCreator.js
FN:3,(anonymous_0)
FNF:1
FNH:1
FNDA:3,(anonymous_0)
DA:3,2
DA:4,3
LF:2
LH:2
BRDA:3,0,0,2
BRDA:3,1,0,2
BRF:2
BRH:2
end_of_record
TN:
SF:/Users/agoggin/www/vhosts/xstate-redux/src/constants.js
FNF:0
FNH:0
DA:1,2
LF:1
LH:1
BRF:0
BRH:0
end_of_record
TN:
SF:/Users/agoggin/www/vhosts/xstate-redux/src/reducerEnhancer.js
FN:3,(anonymous_0)
FN:15,(anonymous_1)
FN:21,(anonymous_2)
FNF:3
FNH:3
FNDA:3,(anonymous_0)
FNDA:2,(anonymous_1)
FNDA:3,(anonymous_2)
DA:3,1
DA:4,3
DA:15,1
DA:16,2
DA:21,2
DA:22,3
DA:23,3
DA:24,2
DA:33,1
DA:34,1
DA:36,1
LF:11
LH:11
BRDA:21,0,0,2
BRDA:23,1,0,2
BRDA:23,1,1,1
BRF:3
BRH:3
end_of_record
